<?xml version="1.0" encoding="UTF-8"?>
<!-- Generated by org.testng.reporters.JUnitReportReporter -->
<testsuite skipped="0" hostname="ATMECSINLT-084" name="com.atmecs.testscript.TutorialNinja" tests="1" failures="0" timestamp="2019-11-20T20:36:52 IST" time="20.907" errors="0">
  <testcase name="searchProductAndAddingCart" time="20.907" classname="com.atmecs.testscript.TutorialNinja"/>
</testsuite> <!-- com.atmecs.testscript.TutorialNinja -->
