<?xml version="1.0" encoding="UTF-8"?>
<!-- Generated by org.testng.reporters.JUnitReportReporter -->
<testsuite skipped="0" hostname="ATMECSINLT-084" name="com.atmecs.testscript.TutorialNinja" tests="1" failures="0" timestamp="2019-11-20T19:08:10 IST" time="17.777" errors="0">
  <testcase name="searchProductAndAddingCart" time="17.777" classname="com.atmecs.testscript.TutorialNinja"/>
</testsuite> <!-- com.atmecs.testscript.TutorialNinja -->
